This is pdfTeX, Version 3.141592653-2.6-1.40.26 (TeX Live 2024) (preloaded format=pdflatex 2024.4.23)  10 MAY 2024 21:10
entering extended mode
 restricted \write18 enabled.
 file:line:error style messages enabled.
 %&-line parsing enabled.
**"d:/GSA/2학년/ProblemSolving/What's this smell/report/What's this smell.tex"
(d:/GSA/2학년/ProblemSolving/What's this smell/report/What's this smell.tex
LaTeX2e <2023-11-01> patch level 1
L3 programming layer <2024-03-14>
(d:/texlive/2024/texmf-dist/tex/latex/base/article.cls
Document Class: article 2023/05/17 v1.4n Standard LaTeX document class
(d:/texlive/2024/texmf-dist/tex/latex/base/size10.clo
File: size10.clo 2023/05/17 v1.4n Standard LaTeX file (size option)
)
\c@part=\count188
\c@section=\count189
\c@subsection=\count190
\c@subsubsection=\count191
\c@paragraph=\count192
\c@subparagraph=\count193
\c@figure=\count194
\c@table=\count195
\abovecaptionskip=\skip48
\belowcaptionskip=\skip49
\bibindent=\dimen140
) (d:/texlive/2024/texmf-dist/tex/latex/base/inputenc.sty
Package: inputenc 2021/02/14 v1.3d Input encoding file
\inpenc@prehook=\toks17
\inpenc@posthook=\toks18
) (d:/texlive/2024/texmf-dist/tex/latex/cjk-ko/kotex.sty
Package: kotex 2015/04/19 v1.6 Korean TeX (ko.TeX)
 (d:/texlive/2024/texmf-dist/tex/latex/kotex-utf/kotex.cfg) (d:/texlive/2024/texmf-dist/tex/latex/kotex-utf/kotexutf.sty
Package: kotexutf 2022/06/22 v3.0.0 typesetting UTF-8 Korean documents
 (d:/texlive/2024/texmf-dist/tex/plain/kotex-plain/kotexutf-core.tex
\unih@ngulpoint=\count196
\dhucs@emph@raise=\dimen141
)
Now handling font encoding LUC ...
... processing UTF-8 mapping file for font encoding LUC
 (d:/texlive/2024/texmf-dist/tex/latex/kotex-utf/lucenc.dfu
File: lucenc.dfu 2007/09/05 UTF-8 support for dhucs
   defining Unicode char U+00B7 (decimal 183)
   defining Unicode char U+2018 (decimal 8216)
   defining Unicode char U+2019 (decimal 8217)
   defining Unicode char U+201C (decimal 8220)
   defining Unicode char U+201D (decimal 8221)
   defining Unicode char U+3001 (decimal 12289)
   defining Unicode char U+3002 (decimal 12290)
   defining Unicode char U+3008 (decimal 12296)
   defining Unicode char U+3009 (decimal 12297)
   defining Unicode char U+300A (decimal 12298)
   defining Unicode char U+300B (decimal 12299)
   defining Unicode char U+300C (decimal 12300)
   defining Unicode char U+300D (decimal 12301)
   defining Unicode char U+300E (decimal 12302)
   defining Unicode char U+300F (decimal 12303)
   defining Unicode char U+3010 (decimal 12304)
   defining Unicode char U+3011 (decimal 12305)
   defining Unicode char U+3014 (decimal 12308)
   defining Unicode char U+3015 (decimal 12309)
   defining Unicode char U+3016 (decimal 12310)
   defining Unicode char U+3017 (decimal 12311)
   defining Unicode char U+3018 (decimal 12312)
   defining Unicode char U+3019 (decimal 12313)
   defining Unicode char U+301A (decimal 12314)
   defining Unicode char U+301B (decimal 12315)
   defining Unicode char U+FF01 (decimal 65281)
   defining Unicode char U+FF08 (decimal 65288)
   defining Unicode char U+FF09 (decimal 65289)
   defining Unicode char U+FF0C (decimal 65292)
   defining Unicode char U+FF0E (decimal 65294)
   defining Unicode char U+FF1A (decimal 65306)
   defining Unicode char U+FF1B (decimal 65307)
   defining Unicode char U+FF1C (decimal 65308)
   defining Unicode char U+FF1D (decimal 65309)
   defining Unicode char U+FF1E (decimal 65310)
   defining Unicode char U+FF1F (decimal 65311)
   defining Unicode char U+FF3B (decimal 65339)
   defining Unicode char U+FF3D (decimal 65341)
   defining Unicode char U+FF5B (decimal 65371)
   defining Unicode char U+FF5D (decimal 65373)
   defining Unicode char U+FF61 (decimal 65377)
   defining Unicode char U+FF62 (decimal 65378)
   defining Unicode char U+FF63 (decimal 65379)
   defining Unicode char U+FF64 (decimal 65380)
   defining Unicode char U+FF65 (decimal 65381)
)
\@josa=\count197
\josatoks=\toks19
 (d:/texlive/2024/texmf-dist/tex/latex/cjk-ko/kolabels-utf.sty
Package: kolabels-utf 2015/03/20 v1.5 UTF-8 Hangul item labels
))) (d:/texlive/2024/texmf-dist/tex/latex/l3backend/l3backend-pdftex.def
File: l3backend-pdftex.def 2024-03-14 L3 backend support: PDF output (pdfTeX)
\l__color_backend_stack_int=\count198
\l__pdf_internal_box=\box51
) (./What's this smell.aux)
\openout1 = `"What's this smell.aux"'.

LaTeX Font Info:    Checking defaults for OML/cmm/m/it on input line 10.
LaTeX Font Info:    ... okay on input line 10.
LaTeX Font Info:    Checking defaults for OMS/cmsy/m/n on input line 10.
LaTeX Font Info:    ... okay on input line 10.
LaTeX Font Info:    Checking defaults for OT1/cmr/m/n on input line 10.
LaTeX Font Info:    ... okay on input line 10.
LaTeX Font Info:    Checking defaults for T1/cmr/m/n on input line 10.
LaTeX Font Info:    ... okay on input line 10.
LaTeX Font Info:    Checking defaults for TS1/cmr/m/n on input line 10.
LaTeX Font Info:    ... okay on input line 10.
LaTeX Font Info:    Checking defaults for OMX/cmex/m/n on input line 10.
LaTeX Font Info:    ... okay on input line 10.
LaTeX Font Info:    Checking defaults for U/cmr/m/n on input line 10.
LaTeX Font Info:    ... okay on input line 10.
LaTeX Font Info:    Checking defaults for LUC/nanummj/m/n on input line 10.
LaTeX Font Info:    Trying to load font information for LUC+nanummj on input line 10.
 (d:/texlive/2024/texmf-dist/tex/latex/nanumtype1/lucnanummj.fd
File: lucnanummj.fd 2013/02/12 v0.1 Nanum Myeongjo font definitions
)
LaTeX Font Info:    ... okay on input line 10.
LaTeX Font Info:    External font `cmex10' loaded for size
(Font)              <12> on input line 12.
LaTeX Font Info:    External font `cmex10' loaded for size
(Font)              <8> on input line 12.
LaTeX Font Info:    External font `cmex10' loaded for size
(Font)              <6> on input line 12.
 [1

{d:/texlive/2024/texmf-var/fonts/map/pdftex/updmap/pdftex.map}] [2] (./What's this smell.aux)
 ***********
LaTeX2e <2023-11-01> patch level 1
L3 programming layer <2024-03-14>
 ***********
 ) 
Here is how much of TeX's memory you used:
 979 strings out of 474104
 17658 string characters out of 5747502
 1932496 words of memory out of 5000000
 23347 multiletter control sequences out of 15000+600000
 575186 words of font info for 94 fonts, out of 8000000 for 9000
 1141 hyphenation exceptions out of 8191
 59i,6n,65p,270b,199s stack positions out of 10000i,1000n,20000p,200000b,200000s
<d:/texlive/2024/texmf-dist/fonts/type1/public/amsfonts/cm/cmbx12.pfb><d:/texlive/2024/texmf-dist/fonts/type1/public/amsfonts/cm/cmr10.pfb><d:/texlive/2024/texmf-dist/fonts/type1/public/amsfonts/cm/cmr12.pfb><d:/texlive/2024/texmf-dist/fonts/type1/public/amsfonts/cm/cmr17.pfb><d:/texlive/2024/texmf-dist/fonts/type1/public/nanumtype1/nanummjbad.pfb><d:/texlive/2024/texmf-dist/fonts/type1/public/nanumtype1/nanummjbae.pfb><d:/texlive/2024/texmf-dist/fonts/type1/public/nanumtype1/nanummjbb2.pfb><d:/texlive/2024/texmf-dist/fonts/type1/public/nanumtype1/nanummjbb9.pfb><d:/texlive/2024/texmf-dist/fonts/type1/public/nanumtype1/nanummjbba.pfb><d:/texlive/2024/texmf-dist/fonts/type1/public/nanumtype1/nanummjbbc.pfb><d:/texlive/2024/texmf-dist/fonts/type1/public/nanumtype1/nanummjbc1.pfb><d:/texlive/2024/texmf-dist/fonts/type1/public/nanumtype1/nanummjbc7.pfb><d:/texlive/2024/texmf-dist/fonts/type1/public/nanumtype1/nanummjbd0.pfb><d:/texlive/2024/texmf-dist/fonts/type1/public/nanumtype1/nanummjmac.pfb><d:/texlive/2024/texmf-dist/fonts/type1/public/nanumtype1/nanummjmad.pfb><d:/texlive/2024/texmf-dist/fonts/type1/public/nanumtype1/nanummjmae.pfb><d:/texlive/2024/texmf-dist/fonts/type1/public/nanumtype1/nanummjmb0.pfb><d:/texlive/2024/texmf-dist/fonts/type1/public/nanumtype1/nanummjmb1.pfb><d:/texlive/2024/texmf-dist/fonts/type1/public/nanumtype1/nanummjmb2.pfb><d:/texlive/2024/texmf-dist/fonts/type1/public/nanumtype1/nanummjmb3.pfb><d:/texlive/2024/texmf-dist/fonts/type1/public/nanumtype1/nanummjmb4.pfb><d:/texlive/2024/texmf-dist/fonts/type1/public/nanumtype1/nanummjmb5.pfb><d:/texlive/2024/texmf-dist/fonts/type1/public/nanumtype1/nanummjmb6.pfb><d:/texlive/2024/texmf-dist/fonts/type1/public/nanumtype1/nanummjmb7.pfb><d:/texlive/2024/texmf-dist/fonts/type1/public/nanumtype1/nanummjmb8.pfb><d:/texlive/2024/texmf-dist/fonts/type1/public/nanumtype1/nanummjmb9.pfb><d:/texlive/2024/texmf-dist/fonts/type1/public/nanumtype1/nanummjmba.pfb><d:/texlive/2024/texmf-dist/fonts/type1/public/nanumtype1/nanummjmbb.pfb><d:/texlive/2024/texmf-dist/fonts/type1/public/nanumtype1/nanummjmbc.pfb><d:/texlive/2024/texmf-dist/fonts/type1/public/nanumtype1/nanummjmbd.pfb><d:/texlive/2024/texmf-dist/fonts/type1/public/nanumtype1/nanummjmbe.pfb><d:/texlive/2024/texmf-dist/fonts/type1/public/nanumtype1/nanummjmbf.pfb><d:/texlive/2024/texmf-dist/fonts/type1/public/nanumtype1/nanummjmc0.pfb><d:/texlive/2024/texmf-dist/fonts/type1/public/nanumtype1/nanummjmc1.pfb><d:/texlive/2024/texmf-dist/fonts/type1/public/nanumtype1/nanummjmc2.pfb><d:/texlive/2024/texmf-dist/fonts/type1/public/nanumtype1/nanummjmc5.pfb><d:/texlive/2024/texmf-dist/fonts/type1/public/nanumtype1/nanummjmc6.pfb><d:/texlive/2024/texmf-dist/fonts/type1/public/nanumtype1/nanummjmc7.pfb><d:/texlive/2024/texmf-dist/fonts/type1/public/nanumtype1/nanummjmc8.pfb><d:/texlive/2024/texmf-dist/fonts/type1/public/nanumtype1/nanummjmc9.pfb><d:/texlive/2024/texmf-dist/fonts/type1/public/nanumtype1/nanummjmcc.pfb><d:/texlive/2024/texmf-dist/fonts/type1/public/nanumtype1/nanummjmcd.pfb><d:/texlive/2024/texmf-dist/fonts/type1/public/nanumtype1/nanummjmce.pfb><d:/texlive/2024/texmf-dist/fonts/type1/public/nanumtype1/nanummjmd0.pfb><d:/texlive/2024/texmf-dist/fonts/type1/public/nanumtype1/nanummjmd1.pfb><d:/texlive/2024/texmf-dist/fonts/type1/public/nanumtype1/nanummjmd3.pfb><d:/texlive/2024/texmf-dist/fonts/type1/public/nanumtype1/nanummjmd4.pfb><d:/texlive/2024/texmf-dist/fonts/type1/public/nanumtype1/nanummjmd5.pfb><d:/texlive/2024/texmf-dist/fonts/type1/public/nanumtype1/nanummjmd6.pfb>
Output written on "What's this smell.pdf" (2 pages, 2006437 bytes).
PDF statistics:
 257 PDF objects out of 1000 (max. 8388607)
 153 compressed objects within 2 object streams
 0 named destinations out of 1000 (max. 500000)
 1 words of extra memory for PDF output out of 10000 (max. 10000000)

